[2025-12-10 13:35:39] === INICIO ===
[2025-12-10 13:35:44] === INICIO ===
[2025-12-10 10:35:44] Processando CSV
[2025-12-10 10:35:46] Linha 500
[2025-12-10 10:35:48] Linha 1000
[2025-12-10 10:35:50] Linha 1500
[2025-12-10 10:35:52] Linha 2000
[2025-12-10 10:35:54] Linha 2500
[2025-12-10 10:35:56] Linha 3000
[2025-12-10 10:35:58] Linha 3500
[2025-12-10 10:36:00] Linha 4000
[2025-12-10 10:36:03] Linha 4500
[2025-12-10 10:36:05] Linha 5000
[2025-12-10 10:36:09] Linha 5500
[2025-12-10 10:36:12] Linha 6000
[2025-12-10 10:36:13] Linhas processadas
Array
(
    [total] => 6224
    [quitados] => 6154
    [pendentes] => 70
    [erros] => 6005
    [novos] => 149
    [atualizados] => 0
    [ausentes] => 0
    [detalhes] => Array
        (
        )

)

[2025-12-10 13:40:03] === INICIO ===
[2025-12-10 10:40:03] Processando CSV
[2025-12-10 10:40:04] Linha 500
[2025-12-10 10:40:06] Linha 1000
[2025-12-10 10:40:09] Linha 1500
[2025-12-10 10:40:10] Linha 2000
[2025-12-10 10:40:12] Linha 2500
[2025-12-10 10:40:14] Linha 3000
[2025-12-10 10:40:16] Linha 3500
[2025-12-10 10:40:19] Linha 4000
[2025-12-10 10:40:21] Linha 4500
[2025-12-10 10:40:24] Linha 5000
[2025-12-10 10:40:27] Linha 5500
[2025-12-10 10:40:31] Linha 6000
[2025-12-10 10:40:32] Linhas processadas
Array
(
    [total] => 6224
    [quitados] => 6154
    [pendentes] => 70
    [erros] => 6005
    [novos] => 149
    [atualizados] => 0
    [ausentes] => 0
    [detalhes] => Array
        (
        )

)

