
[25-Jul-2025 15:12:34 America/Sao_Paulo] Login bem-sucedido - Funcionário ID: 112 - IP: 172.16.1.214
[25-Jul-2025 15:27:45 America/Sao_Paulo] Login bem-sucedido - Funcionário ID: 112 - IP: 172.16.1.214
[28-Jul-2025 09:16:32 America/Sao_Paulo] === BUSCANDO SERVIÇOS DO ASSOCIADO 16845 ===
[28-Jul-2025 09:16:32 America/Sao_Paulo] Serviços ativos encontrados: 2
[28-Jul-2025 09:16:32 America/Sao_Paulo] Tipo inferido pelas regras: Contribuinte
[28-Jul-2025 09:16:32 America/Sao_Paulo] Valor total mensal calculado: 216.38
[28-Jul-2025 09:16:32 America/Sao_Paulo] Tipo de associado final: Contribuinte
[28-Jul-2025 09:16:32 America/Sao_Paulo] ✓ Resposta preparada com sucesso
[28-Jul-2025 09:19:06 America/Sao_Paulo] === BUSCANDO SERVIÇOS DO ASSOCIADO 16843 ===
[28-Jul-2025 09:19:06 America/Sao_Paulo] Serviços ativos encontrados: 2
[28-Jul-2025 09:19:06 America/Sao_Paulo] Tipo encontrado na auditoria: Aluno
[28-Jul-2025 09:19:06 America/Sao_Paulo] Valor total mensal calculado: 129.83
[28-Jul-2025 09:19:06 America/Sao_Paulo] Tipo de associado final: Aluno
[28-Jul-2025 09:19:06 America/Sao_Paulo] ✓ Resposta preparada com sucesso
[28-Jul-2025 09:19:34 America/Sao_Paulo] PHP Deprecated:  htmlspecialchars(): Passing null to parameter #1 ($string) of type string is deprecated in /var/www/html/matheus/comercial/classes/Documentos.php on line 391
[28-Jul-2025 09:19:34 America/Sao_Paulo] PHP Stack trace:
[28-Jul-2025 09:19:34 America/Sao_Paulo] PHP   1. {main}() /var/www/html/matheus/comercial/api/documentos/documentos_gerar_ficha_virtual.php:0
[28-Jul-2025 09:19:34 America/Sao_Paulo] PHP   2. Documentos->gerarFichaVirtual($associadoId = 16845) /var/www/html/matheus/comercial/api/documentos/documentos_gerar_ficha_virtual.php:32
[28-Jul-2025 09:19:34 America/Sao_Paulo] PHP   3. htmlspecialchars($string = NULL) /var/www/html/matheus/comercial/classes/Documentos.php:391
[28-Jul-2025 09:21:40 America/Sao_Paulo] === BUSCANDO SERVIÇOS DO ASSOCIADO 16837 ===
[28-Jul-2025 09:21:40 America/Sao_Paulo] Serviços ativos encontrados: 0
[28-Jul-2025 09:21:40 America/Sao_Paulo] Valor total mensal calculado: 0
[28-Jul-2025 09:21:40 America/Sao_Paulo] Tipo de associado final: Não definido
[28-Jul-2025 09:21:40 America/Sao_Paulo] ✓ Resposta preparada com sucesso
[28-Jul-2025 09:22:17 America/Sao_Paulo] PHP Deprecated:  htmlspecialchars(): Passing null to parameter #1 ($string) of type string is deprecated in /var/www/html/matheus/comercial/classes/Documentos.php on line 391
[28-Jul-2025 09:22:17 America/Sao_Paulo] PHP Stack trace:
[28-Jul-2025 09:22:17 America/Sao_Paulo] PHP   1. {main}() /var/www/html/matheus/comercial/api/documentos/documentos_gerar_ficha_virtual.php:0
[28-Jul-2025 09:22:17 America/Sao_Paulo] PHP   2. Documentos->gerarFichaVirtual($associadoId = 16845) /var/www/html/matheus/comercial/api/documentos/documentos_gerar_ficha_virtual.php:32
[28-Jul-2025 09:22:17 America/Sao_Paulo] PHP   3. htmlspecialchars($string = NULL) /var/www/html/matheus/comercial/classes/Documentos.php:391
[28-Jul-2025 09:59:57 America/Sao_Paulo] === BUSCANDO SERVIÇOS DO ASSOCIADO 16845 ===
[28-Jul-2025 09:59:57 America/Sao_Paulo] Serviços ativos encontrados: 2
[28-Jul-2025 09:59:57 America/Sao_Paulo] Tipo inferido pelas regras: Contribuinte
[28-Jul-2025 09:59:57 America/Sao_Paulo] Valor total mensal calculado: 216.38
[28-Jul-2025 09:59:57 America/Sao_Paulo] Tipo de associado final: Contribuinte
[28-Jul-2025 09:59:57 America/Sao_Paulo] ✓ Resposta preparada com sucesso
[28-Jul-2025 09:59:58 America/Sao_Paulo] === BUSCANDO SERVIÇOS DO ASSOCIADO 16843 ===
[28-Jul-2025 09:59:58 America/Sao_Paulo] Serviços ativos encontrados: 2
[28-Jul-2025 09:59:58 America/Sao_Paulo] Tipo encontrado na auditoria: Aluno
[28-Jul-2025 09:59:58 America/Sao_Paulo] Valor total mensal calculado: 129.83
[28-Jul-2025 09:59:58 America/Sao_Paulo] Tipo de associado final: Aluno
[28-Jul-2025 09:59:58 America/Sao_Paulo] ✓ Resposta preparada com sucesso
[28-Jul-2025 10:00:00 America/Sao_Paulo] === BUSCANDO SERVIÇOS DO ASSOCIADO 16845 ===
[28-Jul-2025 10:00:00 America/Sao_Paulo] Serviços ativos encontrados: 2
[28-Jul-2025 10:00:00 America/Sao_Paulo] Tipo inferido pelas regras: Contribuinte
[28-Jul-2025 10:00:00 America/Sao_Paulo] Valor total mensal calculado: 216.38
[28-Jul-2025 10:00:00 America/Sao_Paulo] Tipo de associado final: Contribuinte
[28-Jul-2025 10:00:00 America/Sao_Paulo] ✓ Resposta preparada com sucesso
[28-Jul-2025 10:00:03 America/Sao_Paulo] === BUSCANDO SERVIÇOS DO ASSOCIADO 16845 ===
[28-Jul-2025 10:00:03 America/Sao_Paulo] Serviços ativos encontrados: 2
[28-Jul-2025 10:00:03 America/Sao_Paulo] Tipo inferido pelas regras: Contribuinte
[28-Jul-2025 10:00:03 America/Sao_Paulo] Valor total mensal calculado: 216.38
[28-Jul-2025 10:00:03 America/Sao_Paulo] Tipo de associado final: Contribuinte
[28-Jul-2025 10:00:03 America/Sao_Paulo] ✓ Resposta preparada com sucesso
[28-Jul-2025 10:02:39 America/Sao_Paulo] === BUSCANDO SERVIÇOS DO ASSOCIADO 16845 ===
[28-Jul-2025 10:02:39 America/Sao_Paulo] Serviços ativos encontrados: 2
[28-Jul-2025 10:02:39 America/Sao_Paulo] Tipo inferido pelas regras: Contribuinte
[28-Jul-2025 10:02:39 America/Sao_Paulo] Valor total mensal calculado: 216.38
[28-Jul-2025 10:02:39 America/Sao_Paulo] Tipo de associado final: Contribuinte
[28-Jul-2025 10:02:39 America/Sao_Paulo] ✓ Resposta preparada com sucesso
[28-Jul-2025 10:20:39 America/Sao_Paulo] PHP Fatal error:  Uncaught Error: Call to undefined method Documentos::getEstatisticasPresidencia() in /var/www/html/matheus/comercial/pages/presidencia.php:39
Stack trace:
#0 {main}
  thrown in /var/www/html/matheus/comercial/pages/presidencia.php on line 39
[28-Jul-2025 10:27:13 America/Sao_Paulo] === BUSCANDO SERVIÇOS DO ASSOCIADO 16841 ===
[28-Jul-2025 10:27:13 America/Sao_Paulo] Serviços ativos encontrados: 0
[28-Jul-2025 10:27:13 America/Sao_Paulo] Valor total mensal calculado: 0
[28-Jul-2025 10:27:13 America/Sao_Paulo] Tipo de associado final: Não definido
[28-Jul-2025 10:27:13 America/Sao_Paulo] ✓ Resposta preparada com sucesso
[28-Jul-2025 10:32:37 America/Sao_Paulo] PHP Fatal error:  Uncaught Error: Call to undefined method Documentos::getEstatisticasPresidencia() in /var/www/html/matheus/comercial/pages/presidencia.php:39
Stack trace:
#0 {main}
  thrown in /var/www/html/matheus/comercial/pages/presidencia.php on line 39
[28-Jul-2025 10:32:40 America/Sao_Paulo] PHP Fatal error:  Uncaught Error: Call to undefined method Documentos::getEstatisticasPresidencia() in /var/www/html/matheus/comercial/pages/presidencia.php:39
Stack trace:
#0 {main}
  thrown in /var/www/html/matheus/comercial/pages/presidencia.php on line 39
[28-Jul-2025 10:32:49 America/Sao_Paulo] === BUSCANDO SERVIÇOS DO ASSOCIADO 16845 ===
[28-Jul-2025 10:32:49 America/Sao_Paulo] Serviços ativos encontrados: 2
[28-Jul-2025 10:32:49 America/Sao_Paulo] Tipo inferido pelas regras: Contribuinte
[28-Jul-2025 10:32:49 America/Sao_Paulo] Valor total mensal calculado: 216.38
[28-Jul-2025 10:32:49 America/Sao_Paulo] Tipo de associado final: Contribuinte
[28-Jul-2025 10:32:49 America/Sao_Paulo] ✓ Resposta preparada com sucesso
[28-Jul-2025 10:33:37 America/Sao_Paulo] === BUSCANDO SERVIÇOS DO ASSOCIADO 16837 ===
[28-Jul-2025 10:33:37 America/Sao_Paulo] Serviços ativos encontrados: 0
[28-Jul-2025 10:33:37 America/Sao_Paulo] Valor total mensal calculado: 0
[28-Jul-2025 10:33:37 America/Sao_Paulo] Tipo de associado final: Não definido
[28-Jul-2025 10:33:37 America/Sao_Paulo] ✓ Resposta preparada com sucesso
[28-Jul-2025 10:36:44 America/Sao_Paulo] === BUSCANDO DADOS DE SERVIÇOS E REGRAS ===
[28-Jul-2025 10:36:44 America/Sao_Paulo] Serviços encontrados: 2
[28-Jul-2025 10:36:44 America/Sao_Paulo] Regras de contribuição encontradas: 16
[28-Jul-2025 10:36:44 America/Sao_Paulo] Tipos de associado encontrados: 8
[28-Jul-2025 10:36:44 America/Sao_Paulo] ✓ Dados preparados: 2 serviços, 16 regras
